[2023-02-13 09:58:03,310] {taskinstance.py:1159} INFO - Dependencies all met for <TaskInstance: hooks_tercer_dag.get_pandas manual__2023-02-13T15:30:01.735371+00:00 [queued]>
[2023-02-13 09:58:03,314] {taskinstance.py:1159} INFO - Dependencies all met for <TaskInstance: hooks_tercer_dag.get_pandas manual__2023-02-13T15:30:01.735371+00:00 [queued]>
[2023-02-13 09:58:03,315] {taskinstance.py:1356} INFO - 
--------------------------------------------------------------------------------
[2023-02-13 09:58:03,315] {taskinstance.py:1357} INFO - Starting attempt 7 of 7
[2023-02-13 09:58:03,316] {taskinstance.py:1358} INFO - 
--------------------------------------------------------------------------------
[2023-02-13 09:58:03,323] {taskinstance.py:1377} INFO - Executing <Task(PythonOperator): get_pandas> on 2023-02-13 15:30:01.735371+00:00
[2023-02-13 09:58:03,325] {standard_task_runner.py:52} INFO - Started process 26462 to run task
[2023-02-13 09:58:03,328] {standard_task_runner.py:79} INFO - Running: ['***', 'tasks', 'run', 'hooks_tercer_dag', 'get_pandas', 'manual__2023-02-13T15:30:01.735371+00:00', '--job-id', '102', '--raw', '--subdir', 'DAGS_FOLDER/Apache_Airflow/hooks_tercer_dag.py', '--cfg-path', '/tmp/tmphve7d5nt', '--error-file', '/tmp/tmpawedzr_s']
[2023-02-13 09:58:03,329] {standard_task_runner.py:80} INFO - Job 102: Subtask get_pandas
[2023-02-13 09:58:03,369] {task_command.py:369} INFO - Running <TaskInstance: hooks_tercer_dag.get_pandas manual__2023-02-13T15:30:01.735371+00:00 [running]> on host Tinmar.
[2023-02-13 09:58:03,413] {taskinstance.py:1569} INFO - Exporting the following env vars:
AIRFLOW_CTX_DAG_OWNER=Tinmar
AIRFLOW_CTX_DAG_ID=hooks_tercer_dag
AIRFLOW_CTX_TASK_ID=get_pandas
AIRFLOW_CTX_EXECUTION_DATE=2023-02-13T15:30:01.735371+00:00
AIRFLOW_CTX_TRY_NUMBER=7
AIRFLOW_CTX_DAG_RUN_ID=manual__2023-02-13T15:30:01.735371+00:00
[2023-02-13 09:58:03,422] {base.py:68} INFO - Using connection ID 'redshift_default' for task execution.
[2023-02-13 09:58:03,469] {base.py:68} INFO - Using connection ID 'redshift_default' for task execution.
[2023-02-13 09:58:03,486] {aws_credentials_provider.py:60} ERROR - Refreshing IdP credentials failed: The config profile (default) could not be found
[2023-02-13 09:58:03,487] {iam_helper.py:362} ERROR - other Exception: The config profile (default) could not be found
[2023-02-13 09:58:03,487] {taskinstance.py:1889} ERROR - Task failed with exception
Traceback (most recent call last):
  File "/home/tinmar/.local/lib/python3.10/site-packages/redshift_connector/auth/aws_credentials_provider.py", line 58, in get_credentials
    self.refresh()
  File "/home/tinmar/.local/lib/python3.10/site-packages/redshift_connector/auth/aws_credentials_provider.py", line 100, in refresh
    session: boto3.Session = boto3.Session(**args)
  File "/home/tinmar/.local/lib/python3.10/site-packages/boto3/session.py", line 90, in __init__
    self._setup_loader()
  File "/home/tinmar/.local/lib/python3.10/site-packages/boto3/session.py", line 131, in _setup_loader
    self._loader = self._session.get_component('data_loader')
  File "/home/tinmar/.local/lib/python3.10/site-packages/botocore/session.py", line 796, in get_component
    return self._components.get_component(name)
  File "/home/tinmar/.local/lib/python3.10/site-packages/botocore/session.py", line 1108, in get_component
    self._components[name] = factory()
  File "/home/tinmar/.local/lib/python3.10/site-packages/botocore/session.py", line 193, in <lambda>
    lambda: create_loader(self.get_config_variable('data_path')),
  File "/home/tinmar/.local/lib/python3.10/site-packages/botocore/session.py", line 317, in get_config_variable
    return self.get_component('config_store').get_config_variable(
  File "/home/tinmar/.local/lib/python3.10/site-packages/botocore/configprovider.py", line 426, in get_config_variable
    return provider.provide()
  File "/home/tinmar/.local/lib/python3.10/site-packages/botocore/configprovider.py", line 628, in provide
    value = provider.provide()
  File "/home/tinmar/.local/lib/python3.10/site-packages/botocore/configprovider.py", line 718, in provide
    scoped_config = self._session.get_scoped_config()
  File "/home/tinmar/.local/lib/python3.10/site-packages/botocore/session.py", line 416, in get_scoped_config
    raise ProfileNotFound(profile=profile_name)
botocore.exceptions.ProfileNotFound: The config profile (default) could not be found

During handling of the above exception, another exception occurred:

Traceback (most recent call last):
  File "/home/tinmar/.local/lib/python3.10/site-packages/airflow/operators/python.py", line 171, in execute
    return_value = self.execute_callable()
  File "/home/tinmar/.local/lib/python3.10/site-packages/airflow/operators/python.py", line 189, in execute_callable
    return self.python_callable(*self.op_args, **self.op_kwargs)
  File "/c/Airflow/dags/Apache_Airflow/hooks_tercer_dag.py", line 18, in get_pandas
    df = conn.get_pandas_df('SELECT * FROM TABLE')
  File "/home/tinmar/.local/lib/python3.10/site-packages/airflow/providers/common/sql/hooks/sql.py", line 200, in get_pandas_df
    with closing(self.get_conn()) as conn:
  File "/home/tinmar/.local/lib/python3.10/site-packages/airflow/providers/amazon/aws/hooks/redshift_sql.py", line 129, in get_conn
    return redshift_connector.connect(**conn_kwargs)
  File "/home/tinmar/.local/lib/python3.10/site-packages/redshift_connector/__init__.py", line 332, in connect
    IamHelper.set_iam_properties(info)
  File "/home/tinmar/.local/lib/python3.10/site-packages/redshift_connector/iam_helper.py", line 116, in set_iam_properties
    IamHelper.set_iam_credentials(info)
  File "/home/tinmar/.local/lib/python3.10/site-packages/redshift_connector/iam_helper.py", line 176, in set_iam_credentials
    IamHelper.set_cluster_credentials(provider, info)
  File "/home/tinmar/.local/lib/python3.10/site-packages/redshift_connector/iam_helper.py", line 363, in set_cluster_credentials
    raise e
  File "/home/tinmar/.local/lib/python3.10/site-packages/redshift_connector/iam_helper.py", line 253, in set_cluster_credentials
    ] = cred_provider.get_credentials()  # type: ignore
  File "/home/tinmar/.local/lib/python3.10/site-packages/redshift_connector/auth/aws_credentials_provider.py", line 61, in get_credentials
    raise InterfaceError(e)
redshift_connector.error.InterfaceError: The config profile (default) could not be found
[2023-02-13 09:58:03,507] {taskinstance.py:1395} INFO - Marking task as FAILED. dag_id=hooks_tercer_dag, task_id=get_pandas, execution_date=20230213T153001, start_date=20230213T155803, end_date=20230213T155803
[2023-02-13 09:58:03,514] {standard_task_runner.py:92} ERROR - Failed to execute job 102 for task get_pandas (The config profile (default) could not be found; 26462)
[2023-02-13 09:58:03,542] {local_task_job.py:156} INFO - Task exited with return code 1
[2023-02-13 09:58:03,583] {local_task_job.py:273} INFO - 0 downstream tasks scheduled from follow-on schedule check
