[2023-02-01 17:56:32,446] {taskinstance.py:1159} INFO - Dependencies all met for <TaskInstance: 6_dataproc_airflow.impar_task manual__2023-02-01T23:53:34.596502+00:00 [queued]>
[2023-02-01 17:56:32,462] {taskinstance.py:1159} INFO - Dependencies all met for <TaskInstance: 6_dataproc_airflow.impar_task manual__2023-02-01T23:53:34.596502+00:00 [queued]>
[2023-02-01 17:56:32,462] {taskinstance.py:1356} INFO - 
--------------------------------------------------------------------------------
[2023-02-01 17:56:32,463] {taskinstance.py:1357} INFO - Starting attempt 1 of 1
[2023-02-01 17:56:32,463] {taskinstance.py:1358} INFO - 
--------------------------------------------------------------------------------
[2023-02-01 17:56:32,489] {taskinstance.py:1377} INFO - Executing <Task(DataprocSubmitJobOperator): impar_task> on 2023-02-01 23:53:34.596502+00:00
[2023-02-01 17:56:32,490] {standard_task_runner.py:52} INFO - Started process 14138 to run task
[2023-02-01 17:56:32,492] {standard_task_runner.py:79} INFO - Running: ['airflow', 'tasks', 'run', '6_dataproc_airflow', 'impar_task', 'manual__2023-02-01T23:53:34.596502+00:00', '--job-id', '138', '--raw', '--subdir', 'DAGS_FOLDER/Airflow2_0_De_0_a_Heroe/6_dataproc_airflow.py', '--cfg-path', '/tmp/tmpo3q0qlpq', '--error-file', '/tmp/tmp8zxtq6q9']
[2023-02-01 17:56:32,493] {standard_task_runner.py:80} INFO - Job 138: Subtask impar_task
[2023-02-01 17:56:32,551] {task_command.py:369} INFO - Running <TaskInstance: 6_dataproc_airflow.impar_task manual__2023-02-01T23:53:34.596502+00:00 [running]> on host Tinmar.
[2023-02-01 17:56:32,642] {taskinstance.py:1569} INFO - Exporting the following env vars:
AIRFLOW_CTX_DAG_OWNER=David S
AIRFLOW_CTX_DAG_ID=6_dataproc_airflow
AIRFLOW_CTX_TASK_ID=impar_task
AIRFLOW_CTX_EXECUTION_DATE=2023-02-01T23:53:34.596502+00:00
AIRFLOW_CTX_TRY_NUMBER=1
AIRFLOW_CTX_DAG_RUN_ID=manual__2023-02-01T23:53:34.596502+00:00
[2023-02-01 17:56:32,643] {dataproc.py:1866} INFO - Submitting job
[2023-02-01 17:56:32,653] {base.py:68} INFO - Using connection ID 'google_cloud_default' for task execution.
[2023-02-01 17:56:33,179] {taskinstance.py:1889} ERROR - Task failed with exception
Traceback (most recent call last):
  File "/home/tinmar/.local/lib/python3.10/site-packages/google/api_core/grpc_helpers.py", line 50, in error_remapped_callable
    return callable_(*args, **kwargs)
  File "/home/tinmar/.local/lib/python3.10/site-packages/grpc/_channel.py", line 946, in __call__
    return _end_unary_response_blocking(state, call, False, None)
  File "/home/tinmar/.local/lib/python3.10/site-packages/grpc/_channel.py", line 849, in _end_unary_response_blocking
    raise _InactiveRpcError(state)
grpc._channel._InactiveRpcError: <_InactiveRpcError of RPC that terminated with:
	status = StatusCode.ALREADY_EXISTS
	details = "Already exists: Failed to submit job: Job projects/serene-gradient-371719/regions/us-central1/jobs/IMPARTASK_dfa22fbf"
	debug_error_string = "UNKNOWN:Error received from peer ipv4:172.217.2.138:443 {grpc_message:"Already exists: Failed to submit job: Job projects/serene-gradient-371719/regions/us-central1/jobs/IMPARTASK_dfa22fbf", grpc_status:6, created_time:"2023-02-01T17:56:33.179076901-06:00"}"
>

The above exception was the direct cause of the following exception:

Traceback (most recent call last):
  File "/home/tinmar/.local/lib/python3.10/site-packages/airflow/providers/google/cloud/operators/dataproc.py", line 1868, in execute
    job_object = self.hook.submit_job(
  File "/home/tinmar/.local/lib/python3.10/site-packages/airflow/providers/google/common/hooks/base_google.py", line 462, in inner_wrapper
    return func(self, *args, **kwargs)
  File "/home/tinmar/.local/lib/python3.10/site-packages/airflow/providers/google/cloud/hooks/dataproc.py", line 780, in submit_job
    return client.submit_job(
  File "/home/tinmar/.local/lib/python3.10/site-packages/google/cloud/dataproc_v1/services/job_controller/client.py", line 520, in submit_job
    response = rpc(
  File "/home/tinmar/.local/lib/python3.10/site-packages/google/api_core/gapic_v1/method.py", line 154, in __call__
    return wrapped_func(*args, **kwargs)
  File "/home/tinmar/.local/lib/python3.10/site-packages/google/api_core/retry.py", line 283, in retry_wrapped_func
    return retry_target(
  File "/home/tinmar/.local/lib/python3.10/site-packages/google/api_core/retry.py", line 190, in retry_target
    return target()
  File "/home/tinmar/.local/lib/python3.10/site-packages/google/api_core/grpc_helpers.py", line 52, in error_remapped_callable
    raise exceptions.from_grpc_error(exc) from exc
google.api_core.exceptions.AlreadyExists: 409 Already exists: Failed to submit job: Job projects/serene-gradient-371719/regions/us-central1/jobs/IMPARTASK_dfa22fbf
[2023-02-01 17:56:33,198] {taskinstance.py:1395} INFO - Marking task as FAILED. dag_id=6_dataproc_airflow, task_id=impar_task, execution_date=20230201T235334, start_date=20230201T235632, end_date=20230201T235633
[2023-02-01 17:56:33,226] {standard_task_runner.py:92} ERROR - Failed to execute job 138 for task impar_task (409 Already exists: Failed to submit job: Job projects/serene-gradient-371719/regions/us-central1/jobs/IMPARTASK_dfa22fbf; 14138)
[2023-02-01 17:56:33,268] {local_task_job.py:156} INFO - Task exited with return code 1
