[2023-02-21T08:51:51.233-0600] {taskinstance.py:1165} INFO - Dependencies all met for <TaskInstance: 6_dataproc_airflow.par_task.avg_uprice scheduled__2023-02-20T00:00:00+00:00 [queued]>
[2023-02-21T08:51:51.245-0600] {taskinstance.py:1165} INFO - Dependencies all met for <TaskInstance: 6_dataproc_airflow.par_task.avg_uprice scheduled__2023-02-20T00:00:00+00:00 [queued]>
[2023-02-21T08:51:51.245-0600] {taskinstance.py:1362} INFO - 
--------------------------------------------------------------------------------
[2023-02-21T08:51:51.247-0600] {taskinstance.py:1363} INFO - Starting attempt 1 of 1
[2023-02-21T08:51:51.248-0600] {taskinstance.py:1364} INFO - 
--------------------------------------------------------------------------------
[2023-02-21T08:51:51.379-0600] {taskinstance.py:1383} INFO - Executing <Task(DataprocSubmitJobOperator): par_task.avg_uprice> on 2023-02-20 00:00:00+00:00
[2023-02-21T08:51:51.383-0600] {standard_task_runner.py:54} INFO - Started process 431189 to run task
[2023-02-21T08:51:51.386-0600] {standard_task_runner.py:82} INFO - Running: ['***', 'tasks', 'run', '6_dataproc_***', 'par_task.avg_uprice', 'scheduled__2023-02-20T00:00:00+00:00', '--job-id', '643', '--raw', '--subdir', 'DAGS_FOLDER/Airflow2_0_De_0_a_Heroe/6_dataproc_***.py', '--cfg-path', '/tmp/tmpxv2t4fxe']
[2023-02-21T08:51:51.390-0600] {standard_task_runner.py:83} INFO - Job 643: Subtask par_task.avg_uprice
[2023-02-21T08:51:51.391-0600] {dagbag.py:525} INFO - Filling up the DagBag from /c/Airflow/dags/Airflow2_0_De_0_a_Heroe/6_dataproc_***.py
[2023-02-21T08:51:51.482-0600] {logging_mixin.py:117} WARNING - /home/tinmar/.local/lib/python3.10/site-packages/***/models/baseoperator.py:408 DeprecationWarning: Passing cluster parameters by keywords to `DataprocCreateClusterOperator` will be deprecated. Please provide cluster_config object using `cluster_config` parameter. You can use `***.dataproc.ClusterGenerator.generate_cluster` method to obtain cluster object.
[2023-02-21T08:51:51.580-0600] {task_command.py:384} INFO - Running <TaskInstance: 6_dataproc_airflow.par_task.avg_uprice scheduled__2023-02-20T00:00:00+00:00 [running]> on host Tinmar.
[2023-02-21T08:51:51.648-0600] {taskinstance.py:1590} INFO - Exporting the following env vars:
AIRFLOW_CTX_DAG_OWNER=David S
AIRFLOW_CTX_DAG_ID=6_dataproc_***
AIRFLOW_CTX_TASK_ID=par_task.avg_uprice
AIRFLOW_CTX_EXECUTION_DATE=2023-02-20T00:00:00+00:00
AIRFLOW_CTX_TRY_NUMBER=1
AIRFLOW_CTX_DAG_RUN_ID=scheduled__2023-02-20T00:00:00+00:00
[2023-02-21T08:51:51.649-0600] {dataproc.py:1866} INFO - Submitting job
[2023-02-21T08:51:51.661-0600] {base.py:71} INFO - Using connection ID 'google_cloud_default' for task execution.
[2023-02-21T08:51:52.168-0600] {taskinstance.py:1851} ERROR - Task failed with exception
Traceback (most recent call last):
  File "/home/tinmar/.local/lib/python3.10/site-packages/google/api_core/grpc_helpers.py", line 50, in error_remapped_callable
    return callable_(*args, **kwargs)
  File "/home/tinmar/.local/lib/python3.10/site-packages/grpc/_channel.py", line 946, in __call__
    return _end_unary_response_blocking(state, call, False, None)
  File "/home/tinmar/.local/lib/python3.10/site-packages/grpc/_channel.py", line 849, in _end_unary_response_blocking
    raise _InactiveRpcError(state)
grpc._channel._InactiveRpcError: <_InactiveRpcError of RPC that terminated with:
	status = StatusCode.ALREADY_EXISTS
	details = "Already exists: Failed to submit job: Job projects/serene-gradient-371719/regions/us-central1/jobs/PARTASK_dfa23fbf_avg_uprice"
	debug_error_string = "UNKNOWN:Error received from peer ipv4:142.250.65.106:443 {grpc_message:"Already exists: Failed to submit job: Job projects/serene-gradient-371719/regions/us-central1/jobs/PARTASK_dfa23fbf_avg_uprice", grpc_status:6, created_time:"2023-02-21T08:51:52.167688652-06:00"}"
>

The above exception was the direct cause of the following exception:

Traceback (most recent call last):
  File "/home/tinmar/.local/lib/python3.10/site-packages/airflow/providers/google/cloud/operators/dataproc.py", line 1868, in execute
    job_object = self.hook.submit_job(
  File "/home/tinmar/.local/lib/python3.10/site-packages/airflow/providers/google/common/hooks/base_google.py", line 462, in inner_wrapper
    return func(self, *args, **kwargs)
  File "/home/tinmar/.local/lib/python3.10/site-packages/airflow/providers/google/cloud/hooks/dataproc.py", line 780, in submit_job
    return client.submit_job(
  File "/home/tinmar/.local/lib/python3.10/site-packages/google/cloud/dataproc_v1/services/job_controller/client.py", line 520, in submit_job
    response = rpc(
  File "/home/tinmar/.local/lib/python3.10/site-packages/google/api_core/gapic_v1/method.py", line 154, in __call__
    return wrapped_func(*args, **kwargs)
  File "/home/tinmar/.local/lib/python3.10/site-packages/google/api_core/retry.py", line 283, in retry_wrapped_func
    return retry_target(
  File "/home/tinmar/.local/lib/python3.10/site-packages/google/api_core/retry.py", line 190, in retry_target
    return target()
  File "/home/tinmar/.local/lib/python3.10/site-packages/google/api_core/grpc_helpers.py", line 52, in error_remapped_callable
    raise exceptions.from_grpc_error(exc) from exc
google.api_core.exceptions.AlreadyExists: 409 Already exists: Failed to submit job: Job projects/serene-gradient-371719/regions/us-central1/jobs/PARTASK_dfa23fbf_avg_uprice
[2023-02-21T08:51:52.182-0600] {taskinstance.py:1401} INFO - Marking task as FAILED. dag_id=6_dataproc_***, task_id=par_task.avg_uprice, execution_date=20230220T000000, start_date=20230221T145151, end_date=20230221T145152
[2023-02-21T08:51:52.194-0600] {standard_task_runner.py:102} ERROR - Failed to execute job 643 for task par_task.avg_uprice (409 Already exists: Failed to submit job: Job projects/serene-gradient-371719/regions/us-central1/jobs/PARTASK_dfa23fbf_avg_uprice; 431189)
[2023-02-21T08:51:52.242-0600] {local_task_job.py:164} INFO - Task exited with return code 1
[2023-02-21T08:51:52.285-0600] {local_task_job.py:273} INFO - 1 downstream tasks scheduled from follow-on schedule check
