[2023-02-20T09:18:31.081-0600] {taskinstance.py:1165} INFO - Dependencies all met for <TaskInstance: 1.5_user_processing.is_api_available scheduled__2023-02-19T00:00:00+00:00 [queued]>
[2023-02-20T09:18:31.096-0600] {taskinstance.py:1165} INFO - Dependencies all met for <TaskInstance: 1.5_user_processing.is_api_available scheduled__2023-02-19T00:00:00+00:00 [queued]>
[2023-02-20T09:18:31.097-0600] {taskinstance.py:1362} INFO - 
--------------------------------------------------------------------------------
[2023-02-20T09:18:31.099-0600] {taskinstance.py:1363} INFO - Starting attempt 1 of 1
[2023-02-20T09:18:31.100-0600] {taskinstance.py:1364} INFO - 
--------------------------------------------------------------------------------
[2023-02-20T09:18:31.114-0600] {taskinstance.py:1383} INFO - Executing <Task(HttpSensor): is_api_available> on 2023-02-19 00:00:00+00:00
[2023-02-20T09:18:31.131-0600] {standard_task_runner.py:54} INFO - Started process 198448 to run task
[2023-02-20T09:18:31.134-0600] {standard_task_runner.py:82} INFO - Running: ['***', 'tasks', 'run', '1.5_user_processing', 'is_api_available', 'scheduled__2023-02-19T00:00:00+00:00', '--job-id', '565', '--raw', '--subdir', 'DAGS_FOLDER/Introduction_to_Apache_Airflow/1.5_user_processing.py', '--cfg-path', '/tmp/tmpsxe8efda']
[2023-02-20T09:18:31.143-0600] {standard_task_runner.py:83} INFO - Job 565: Subtask is_api_available
[2023-02-20T09:18:31.145-0600] {dagbag.py:525} INFO - Filling up the DagBag from /c/Airflow/dags/Introduction_to_Apache_Airflow/1.5_user_processing.py
[2023-02-20T09:18:31.620-0600] {task_command.py:384} INFO - Running <TaskInstance: 1.5_user_processing.is_api_available scheduled__2023-02-19T00:00:00+00:00 [running]> on host Tinmar.
[2023-02-20T09:18:31.693-0600] {taskinstance.py:1590} INFO - Exporting the following env vars:
AIRFLOW_CTX_DAG_OWNER=Tinmar
AIRFLOW_CTX_DAG_ID=1.5_user_processing
AIRFLOW_CTX_TASK_ID=is_api_available
AIRFLOW_CTX_EXECUTION_DATE=2023-02-19T00:00:00+00:00
AIRFLOW_CTX_TRY_NUMBER=1
AIRFLOW_CTX_DAG_RUN_ID=scheduled__2023-02-19T00:00:00+00:00
[2023-02-20T09:18:31.695-0600] {http.py:122} INFO - Poking: api/
[2023-02-20T09:18:31.709-0600] {base.py:71} INFO - Using connection ID 'user_api' for task execution.
[2023-02-20T09:18:36.955-0600] {http.py:208} WARNING - HTTPSConnectionPool(host='randomuser.me', port=443): Max retries exceeded with url: /api/ (Caused by NewConnectionError('<urllib3.connection.HTTPSConnection object at 0x7f7084fe4b20>: Failed to establish a new connection: [Errno -3] Temporary failure in name resolution')) Tenacity will retry to execute the operation
[2023-02-20T09:18:36.956-0600] {taskinstance.py:1851} ERROR - Task failed with exception
Traceback (most recent call last):
  File "/home/tinmar/.local/lib/python3.10/site-packages/urllib3/connection.py", line 174, in _new_conn
    conn = connection.create_connection(
  File "/home/tinmar/.local/lib/python3.10/site-packages/urllib3/util/connection.py", line 72, in create_connection
    for res in socket.getaddrinfo(host, port, family, socket.SOCK_STREAM):
  File "/usr/lib/python3.10/socket.py", line 955, in getaddrinfo
    for res in _socket.getaddrinfo(host, port, family, type, proto, flags):
socket.gaierror: [Errno -3] Temporary failure in name resolution

During handling of the above exception, another exception occurred:

Traceback (most recent call last):
  File "/home/tinmar/.local/lib/python3.10/site-packages/urllib3/connectionpool.py", line 703, in urlopen
    httplib_response = self._make_request(
  File "/home/tinmar/.local/lib/python3.10/site-packages/urllib3/connectionpool.py", line 386, in _make_request
    self._validate_conn(conn)
  File "/home/tinmar/.local/lib/python3.10/site-packages/urllib3/connectionpool.py", line 1042, in _validate_conn
    conn.connect()
  File "/home/tinmar/.local/lib/python3.10/site-packages/urllib3/connection.py", line 358, in connect
    self.sock = conn = self._new_conn()
  File "/home/tinmar/.local/lib/python3.10/site-packages/urllib3/connection.py", line 186, in _new_conn
    raise NewConnectionError(
urllib3.exceptions.NewConnectionError: <urllib3.connection.HTTPSConnection object at 0x7f7084fe4b20>: Failed to establish a new connection: [Errno -3] Temporary failure in name resolution

During handling of the above exception, another exception occurred:

Traceback (most recent call last):
  File "/home/tinmar/.local/lib/python3.10/site-packages/requests/adapters.py", line 489, in send
    resp = conn.urlopen(
  File "/home/tinmar/.local/lib/python3.10/site-packages/urllib3/connectionpool.py", line 787, in urlopen
    retries = retries.increment(
  File "/home/tinmar/.local/lib/python3.10/site-packages/urllib3/util/retry.py", line 592, in increment
    raise MaxRetryError(_pool, url, error or ResponseError(cause))
urllib3.exceptions.MaxRetryError: HTTPSConnectionPool(host='randomuser.me', port=443): Max retries exceeded with url: /api/ (Caused by NewConnectionError('<urllib3.connection.HTTPSConnection object at 0x7f7084fe4b20>: Failed to establish a new connection: [Errno -3] Temporary failure in name resolution'))

During handling of the above exception, another exception occurred:

Traceback (most recent call last):
  File "/home/tinmar/.local/lib/python3.10/site-packages/airflow/sensors/base.py", line 189, in execute
    poke_return = self.poke(context)
  File "/home/tinmar/.local/lib/python3.10/site-packages/airflow/providers/http/sensors/http.py", line 124, in poke
    response = hook.run(
  File "/home/tinmar/.local/lib/python3.10/site-packages/airflow/providers/http/hooks/http.py", line 151, in run
    return self.run_and_check(session, prepped_request, extra_options)
  File "/home/tinmar/.local/lib/python3.10/site-packages/airflow/providers/http/hooks/http.py", line 209, in run_and_check
    raise ex
  File "/home/tinmar/.local/lib/python3.10/site-packages/airflow/providers/http/hooks/http.py", line 201, in run_and_check
    response = session.send(prepped_request, **send_kwargs)
  File "/home/tinmar/.local/lib/python3.10/site-packages/requests/sessions.py", line 701, in send
    r = adapter.send(request, **kwargs)
  File "/home/tinmar/.local/lib/python3.10/site-packages/requests/adapters.py", line 565, in send
    raise ConnectionError(e, request=request)
requests.exceptions.ConnectionError: HTTPSConnectionPool(host='randomuser.me', port=443): Max retries exceeded with url: /api/ (Caused by NewConnectionError('<urllib3.connection.HTTPSConnection object at 0x7f7084fe4b20>: Failed to establish a new connection: [Errno -3] Temporary failure in name resolution'))
[2023-02-20T09:18:36.980-0600] {taskinstance.py:1401} INFO - Marking task as FAILED. dag_id=1.5_user_processing, task_id=is_api_available, execution_date=20230219T000000, start_date=20230220T151831, end_date=20230220T151836
[2023-02-20T09:18:36.996-0600] {standard_task_runner.py:102} ERROR - Failed to execute job 565 for task is_api_available (HTTPSConnectionPool(host='randomuser.me', port=443): Max retries exceeded with url: /api/ (Caused by NewConnectionError('<urllib3.connection.HTTPSConnection object at 0x7f7084fe4b20>: Failed to establish a new connection: [Errno -3] Temporary failure in name resolution')); 198448)
[2023-02-20T09:18:37.032-0600] {local_task_job.py:164} INFO - Task exited with return code 1
[2023-02-20T09:18:37.146-0600] {local_task_job.py:273} INFO - 0 downstream tasks scheduled from follow-on schedule check
